\BOOKMARK [1][-]{section.1}{Introduction}{}% 1
\BOOKMARK [2][-]{subsection.1.1}{Theory}{section.1}% 2
\BOOKMARK [3][-]{subsubsection.1.1.1}{The Sun:}{subsection.1.1}% 3
\BOOKMARK [3][-]{subsubsection.1.1.2}{The Magnetosphere:}{subsection.1.1}% 4
\BOOKMARK [3][-]{subsubsection.1.1.3}{Ionospheric currents}{subsection.1.1}% 5
\BOOKMARK [1][-]{section.2}{instruments}{}% 6
\BOOKMARK [2][-]{subsection.2.1}{Ground based magnetometer; IMAGE}{section.2}% 7
\BOOKMARK [2][-]{subsection.2.2}{Super Dual Auroral Radar Network; SuperDARN}{section.2}% 8
\BOOKMARK [2][-]{subsection.2.3}{All-Sky Camera}{section.2}% 9
\BOOKMARK [2][-]{subsection.2.4}{Advanced Composition Explorer \(ACE\)}{section.2}% 10
\BOOKMARK [2][-]{subsection.2.5}{Indices}{section.2}% 11
\BOOKMARK [3][-]{subsubsection.2.5.1}{Dst \(Disturbance storm time\)}{subsection.2.5}% 12
\BOOKMARK [3][-]{subsubsection.2.5.2}{Auroral Electrojet \(AE\) Index}{subsection.2.5}% 13
\BOOKMARK [3][-]{subsubsection.2.5.3}{Kp index}{subsection.2.5}% 14
\BOOKMARK [1][-]{section.3}{Observations}{}% 15
\BOOKMARK [2][-]{subsection.3.1}{IMAGE data}{section.3}% 16
\BOOKMARK [2][-]{subsection.3.2}{SuperDARN data}{section.3}% 17
\BOOKMARK [2][-]{subsection.3.3}{All-sky Camera data}{section.3}% 18
\BOOKMARK [2][-]{subsection.3.4}{ACE data}{section.3}% 19
\BOOKMARK [2][-]{subsection.3.5}{Dst data}{section.3}% 20
\BOOKMARK [2][-]{subsection.3.6}{AE Index data}{section.3}% 21
\BOOKMARK [2][-]{subsection.3.7}{Kp Index}{section.3}% 22
\BOOKMARK [1][-]{section.4}{Discussion}{}% 23
\BOOKMARK [1][-]{section.5}{Conclusion}{}% 24
\BOOKMARK [1][-]{section.6}{Appendix}{}% 25
\BOOKMARK [1][-]{section.7}{Refrences and acknowledgements}{}% 26
